app/build/intermediates/manifest_merge_blame_file/debug/manifest-merger-blame-debug-report.txt
1<?xml version="1.0" encoding="utf-8"?>
2<manifest xmlns:android="http://schemas.android.com/apk/res/android"
3    package="com.hypernym.smartsurveillance"
4    android:versionCode="1"
5    android:versionName="1.0" >
6
7    <uses-sdk
8        android:minSdkVersion="22"
8-->src\main\AndroidManifest.xml
9        android:targetSdkVersion="30" />
9-->src\main\AndroidManifest.xml
10
11    <uses-feature android:name="android.hardware.camera.any" />
11-->src\main\AndroidManifest.xml:6:5-64
11-->src\main\AndroidManifest.xml:6:19-61
12
13    <uses-permission android:name="android.permission.CAMERA" />
13-->src\main\AndroidManifest.xml:8:5-65
13-->src\main\AndroidManifest.xml:8:22-62
14    <uses-permission android:name="android.permission.INTERNET" />
14-->src\main\AndroidManifest.xml:9:5-67
14-->src\main\AndroidManifest.xml:9:22-64
15    <uses-permission android:name="android.permission.CHANGE_NETWORK_STATE" />
15-->src\main\AndroidManifest.xml:10:5-79
15-->src\main\AndroidManifest.xml:10:22-76
16    <uses-permission android:name="android.permission.WRITE_EXTERNAL_STORAGE" />
16-->src\main\AndroidManifest.xml:11:5-81
16-->src\main\AndroidManifest.xml:11:22-78
17    <uses-permission android:name="android.permission.READ_EXTERNAL_STORAGE" />
17-->src\main\AndroidManifest.xml:12:5-80
17-->src\main\AndroidManifest.xml:12:22-77
18    <uses-permission android:name="android.permission.READ_PHONE_STATE" />
18-->src\main\AndroidManifest.xml:13:5-75
18-->src\main\AndroidManifest.xml:13:22-72
19    <uses-permission android:name="android.permission.WAKE_LOCK" />
19-->src\main\AndroidManifest.xml:14:5-67
19-->src\main\AndroidManifest.xml:14:22-65
20
21    <!-- Although the *SdkVersion is captured in gradle build files, this is required for non gradle builds -->
22    <!-- <uses-sdk android:minSdkVersion="14"/> -->
23    <uses-permission android:name="android.permission.ACCESS_NETWORK_STATE" />
23-->[com.google.android.datatransport:transport-backend-cct:2.2.2] AndroidManifest.xml:25:5-79
23-->[com.google.android.datatransport:transport-backend-cct:2.2.2] AndroidManifest.xml:25:22-76
24
25    <application
25-->src\main\AndroidManifest.xml:16:5-58:19
26        android:allowBackup="false"
26-->src\main\AndroidManifest.xml:17:9-36
27        android:appComponentFactory="androidx.core.app.CoreComponentFactory"
27-->[androidx.core:core:1.3.2] AndroidManifest.xml:24:18-86
28        android:debuggable="true"
29        android:icon="@mipmap/ic_launcher_foreground"
29-->src\main\AndroidManifest.xml:19:9-54
30        android:label="@string/app_name"
30-->src\main\AndroidManifest.xml:20:9-41
31        android:largeHeap="true"
31-->src\main\AndroidManifest.xml:24:9-33
32        android:requestLegacyExternalStorage="true"
32-->src\main\AndroidManifest.xml:21:9-52
33        android:roundIcon="@mipmap/ic_launcher_foreground"
33-->src\main\AndroidManifest.xml:22:9-59
34        android:screenOrientation="portrait"
34-->src\main\AndroidManifest.xml:26:9-45
35        android:supportsRtl="true"
35-->src\main\AndroidManifest.xml:23:9-35
36        android:testOnly="true"
37        android:theme="@style/Theme.CameraXFaceDetection" >
37-->src\main\AndroidManifest.xml:25:9-58
38        <activity
38-->src\main\AndroidManifest.xml:28:9-30:51
39            android:name="com.hypernym.smartsurveillance.view.FrameActivity"
39-->src\main\AndroidManifest.xml:28:19-53
40            android:keepScreenOn="true"
40-->src\main\AndroidManifest.xml:29:13-40
41            android:screenOrientation="portrait" />
41-->src\main\AndroidManifest.xml:30:13-49
42        <activity
42-->src\main\AndroidManifest.xml:32:9-33:51
43            android:name="com.hypernym.smartsurveillance.view.MenuActivity"
43-->src\main\AndroidManifest.xml:32:19-52
44            android:screenOrientation="portrait" />
44-->src\main\AndroidManifest.xml:33:13-49
45        <activity
45-->src\main\AndroidManifest.xml:34:9-35:51
46            android:name="com.hypernym.smartsurveillance.view.PauseActivity"
46-->src\main\AndroidManifest.xml:34:19-53
47            android:screenOrientation="portrait" />
47-->src\main\AndroidManifest.xml:35:13-49
48        <activity
48-->src\main\AndroidManifest.xml:36:9-37:51
49            android:name="com.hypernym.smartsurveillance.view.persongroupmanagement.SelectImageActivity"
49-->src\main\AndroidManifest.xml:36:19-81
50            android:screenOrientation="portrait" />
50-->src\main\AndroidManifest.xml:37:13-49
51        <activity
51-->src\main\AndroidManifest.xml:38:9-39:51
52            android:name="com.hypernym.smartsurveillance.view.persongroupmanagement.PersonGroupListActivity"
52-->src\main\AndroidManifest.xml:38:19-85
53            android:screenOrientation="portrait" />
53-->src\main\AndroidManifest.xml:39:13-49
54        <activity
54-->src\main\AndroidManifest.xml:40:9-41:51
55            android:name="com.hypernym.smartsurveillance.view.persongroupmanagement.PersonGroupActivity"
55-->src\main\AndroidManifest.xml:40:19-81
56            android:screenOrientation="portrait" />
56-->src\main\AndroidManifest.xml:41:13-49
57        <activity
57-->src\main\AndroidManifest.xml:42:9-43:51
58            android:name="com.hypernym.smartsurveillance.view.persongroupmanagement.PersonActivity"
58-->src\main\AndroidManifest.xml:42:19-76
59            android:screenOrientation="portrait" />
59-->src\main\AndroidManifest.xml:43:13-49
60        <activity
60-->src\main\AndroidManifest.xml:44:9-45:51
61            android:name="com.hypernym.smartsurveillance.view.persongroupmanagement.AddFaceToPersonActivity"
61-->src\main\AndroidManifest.xml:44:19-85
62            android:screenOrientation="portrait" />
62-->src\main\AndroidManifest.xml:45:13-49
63        <activity android:name="com.hypernym.smartsurveillance.view.SplashActivity" >
63-->src\main\AndroidManifest.xml:46:9-52:20
63-->src\main\AndroidManifest.xml:46:19-54
64            <intent-filter>
64-->src\main\AndroidManifest.xml:47:13-51:29
65                <action android:name="android.intent.action.MAIN" />
65-->src\main\AndroidManifest.xml:48:17-69
65-->src\main\AndroidManifest.xml:48:25-66
66
67                <category android:name="android.intent.category.LAUNCHER" />
67-->src\main\AndroidManifest.xml:50:17-77
67-->src\main\AndroidManifest.xml:50:27-74
68            </intent-filter>
69        </activity>
70        <activity android:name="com.hypernym.smartsurveillance.view.MainActivity" />
70-->src\main\AndroidManifest.xml:53:9-55
70-->src\main\AndroidManifest.xml:53:19-52
71
72        <meta-data
72-->src\main\AndroidManifest.xml:55:9-57:57
73            android:name="preloaded_fonts"
73-->src\main\AndroidManifest.xml:56:13-43
74            android:resource="@array/preloaded_fonts" />
74-->src\main\AndroidManifest.xml:57:13-54
75
76        <service
76-->[com.google.android.gms:play-services-mlkit-face-detection:16.1.0] AndroidManifest.xml:9:9-15:19
77            android:name="com.google.mlkit.common.internal.MlKitComponentDiscoveryService"
77-->[com.google.android.gms:play-services-mlkit-face-detection:16.1.0] AndroidManifest.xml:10:13-91
78            android:directBootAware="true"
78-->[com.google.mlkit:common:16.0.0] AndroidManifest.xml:17:13-43
79            android:exported="false" >
79-->[com.google.android.gms:play-services-mlkit-face-detection:16.1.0] AndroidManifest.xml:11:13-37
80            <meta-data
80-->[com.google.android.gms:play-services-mlkit-face-detection:16.1.0] AndroidManifest.xml:12:13-14:85
81                android:name="com.google.firebase.components:com.google.mlkit.vision.face.internal.FaceRegistrar"
81-->[com.google.android.gms:play-services-mlkit-face-detection:16.1.0] AndroidManifest.xml:13:17-114
82                android:value="com.google.firebase.components.ComponentRegistrar" />
82-->[com.google.android.gms:play-services-mlkit-face-detection:16.1.0] AndroidManifest.xml:14:17-82
83            <meta-data
83-->[com.google.mlkit:vision-common:16.0.0] AndroidManifest.xml:12:13-14:85
84                android:name="com.google.firebase.components:com.google.mlkit.vision.common.internal.VisionCommonRegistrar"
84-->[com.google.mlkit:vision-common:16.0.0] AndroidManifest.xml:13:17-124
85                android:value="com.google.firebase.components.ComponentRegistrar" />
85-->[com.google.mlkit:vision-common:16.0.0] AndroidManifest.xml:14:17-82
86            <meta-data
86-->[com.google.mlkit:common:16.0.0] AndroidManifest.xml:20:13-22:85
87                android:name="com.google.firebase.components:com.google.mlkit.common.internal.CommonComponentRegistrar"
87-->[com.google.mlkit:common:16.0.0] AndroidManifest.xml:21:17-120
88                android:value="com.google.firebase.components.ComponentRegistrar" />
88-->[com.google.mlkit:common:16.0.0] AndroidManifest.xml:22:17-82
89        </service>
90
91        <provider
91-->[com.google.mlkit:common:16.0.0] AndroidManifest.xml:9:9-13:38
92            android:name="com.google.mlkit.common.internal.MlKitInitProvider"
92-->[com.google.mlkit:common:16.0.0] AndroidManifest.xml:10:13-78
93            android:authorities="com.hypernym.smartsurveillance.mlkitinitprovider"
93-->[com.google.mlkit:common:16.0.0] AndroidManifest.xml:11:13-69
94            android:exported="false"
94-->[com.google.mlkit:common:16.0.0] AndroidManifest.xml:12:13-37
95            android:initOrder="99" />
95-->[com.google.mlkit:common:16.0.0] AndroidManifest.xml:13:13-35
96
97        <activity
97-->[com.google.android.gms:play-services-base:17.0.0] AndroidManifest.xml:23:9-26:75
98            android:name="com.google.android.gms.common.api.GoogleApiActivity"
98-->[com.google.android.gms:play-services-base:17.0.0] AndroidManifest.xml:24:13-79
99            android:exported="false"
99-->[com.google.android.gms:play-services-base:17.0.0] AndroidManifest.xml:25:13-37
100            android:theme="@android:style/Theme.Translucent.NoTitleBar" />
100-->[com.google.android.gms:play-services-base:17.0.0] AndroidManifest.xml:26:13-72
101
102        <meta-data
102-->[com.google.android.gms:play-services-basement:17.0.0] AndroidManifest.xml:23:9-25:69
103            android:name="com.google.android.gms.version"
103-->[com.google.android.gms:play-services-basement:17.0.0] AndroidManifest.xml:24:13-58
104            android:value="@integer/google_play_services_version" />
104-->[com.google.android.gms:play-services-basement:17.0.0] AndroidManifest.xml:25:13-66
105
106        <service
106-->[com.google.android.datatransport:transport-backend-cct:2.2.2] AndroidManifest.xml:29:9-35:19
107            android:name="com.google.android.datatransport.runtime.backends.TransportBackendDiscovery"
107-->[com.google.android.datatransport:transport-backend-cct:2.2.2] AndroidManifest.xml:30:13-103
108            android:exported="false" >
108-->[com.google.android.datatransport:transport-backend-cct:2.2.2] AndroidManifest.xml:31:13-37
109            <meta-data
109-->[com.google.android.datatransport:transport-backend-cct:2.2.2] AndroidManifest.xml:32:13-34:39
110                android:name="backend:com.google.android.datatransport.cct.CctBackendFactory"
110-->[com.google.android.datatransport:transport-backend-cct:2.2.2] AndroidManifest.xml:33:17-94
111                android:value="cct" />
111-->[com.google.android.datatransport:transport-backend-cct:2.2.2] AndroidManifest.xml:34:17-36
112        </service>
113        <service
113-->[com.google.android.datatransport:transport-runtime:2.2.2] AndroidManifest.xml:26:9-30:19
114            android:name="com.google.android.datatransport.runtime.scheduling.jobscheduling.JobInfoSchedulerService"
114-->[com.google.android.datatransport:transport-runtime:2.2.2] AndroidManifest.xml:27:13-117
115            android:exported="false"
115-->[com.google.android.datatransport:transport-runtime:2.2.2] AndroidManifest.xml:28:13-37
116            android:permission="android.permission.BIND_JOB_SERVICE" >
116-->[com.google.android.datatransport:transport-runtime:2.2.2] AndroidManifest.xml:29:13-69
117        </service>
118
119        <receiver
119-->[com.google.android.datatransport:transport-runtime:2.2.2] AndroidManifest.xml:32:9-34:40
120            android:name="com.google.android.datatransport.runtime.scheduling.jobscheduling.AlarmManagerSchedulerBroadcastReceiver"
120-->[com.google.android.datatransport:transport-runtime:2.2.2] AndroidManifest.xml:33:13-132
121            android:exported="false" />
121-->[com.google.android.datatransport:transport-runtime:2.2.2] AndroidManifest.xml:34:13-37
122    </application>
123
124</manifest>